<?xml version="1.0" encoding="UTF-8"?>
<!-- Generated by org.testng.reporters.JUnitReportReporter -->
<testsuite hostname="Razrbunny23" failures="0" tests="2" name="com.selenium.project.Flipkart" time="16.101" errors="0" timestamp="2022-02-21T11:58:05 IST" skipped="0">
  <testcase classname="com.selenium.project.Flipkart" name="flipkart" time="11.919"/>
  <system-out/>
  <testcase classname="com.selenium.project.Flipkart" name="price" time="4.182"/>
  <system-out/>
</testsuite> <!-- com.selenium.project.Flipkart -->
